<?xml version="1.0" encoding="UTF-8"?>
<!-- Generated by org.testng.reporters.JUnitReportReporter -->
<testsuite hostname="PREETISH" name="Utilitys.BaseClass" tests="1" failures="0" timestamp="19 Oct 2016 21:31:29 GMT" time="50.504" errors="0">
  <testcase name="CloudSetup" time="50.504" classname="Utilitys.BaseClass"/>
</testsuite> <!-- Utilitys.BaseClass -->
