<?xml version="1.0" encoding="UTF-8"?>
<!-- Generated by org.testng.reporters.JUnitReportReporter -->
<testsuite hostname="PREETISH" name="com.org.preetish_maven.preetish_maven.TestApplication" tests="4" failures="0" timestamp="21 Oct 2016 09:28:51 GMT" time="1.517" errors="0">
  <testcase name="LoginTOApp" time="0.176" classname="com.org.preetish_maven.preetish_maven.TestApplication"/>
  <testcase name="Product" time="0.607" classname="com.org.preetish_maven.preetish_maven.TestApplication"/>
  <testcase name="testDb" time="0.600" classname="com.org.preetish_maven.preetish_maven.TestApplication"/>
  <testcase name="Shipping" time="0.134" classname="com.org.preetish_maven.preetish_maven.TestApplication"/>
</testsuite> <!-- com.org.preetish_maven.preetish_maven.TestApplication -->
