<?xml version="1.0" encoding="UTF-8"?>
<!-- Generated by org.testng.reporters.JUnitReportReporter -->
<testsuite hostname="PREETISH" name="Utilitys.JavaSample" tests="1" failures="0" timestamp="19 Oct 2016 21:40:39 GMT" time="45.438" errors="0">
  <testcase name="CloudSetup" time="45.438" classname="Utilitys.JavaSample"/>
</testsuite> <!-- Utilitys.JavaSample -->
