<?xml version="1.0" encoding="UTF-8"?>
<!-- Generated by org.testng.reporters.JUnitReportReporter -->
<testsuite hostname="PREETISH" name="frameWork.TestApplication" tests="4" failures="0" timestamp="17 Oct 2016 14:08:16 GMT" time="32.485" errors="0">
  <testcase name="Product" time="20.287" classname="frameWork.TestApplication"/>
  <testcase name="Shipping" time="2.828" classname="frameWork.TestApplication"/>
  <testcase name="testDb" time="1.363" classname="frameWork.TestApplication"/>
  <testcase name="LoginTOApp" time="8.007" classname="frameWork.TestApplication"/>
</testsuite> <!-- frameWork.TestApplication -->
