<?xml version="1.0" encoding="UTF-8"?>
<!-- Generated by org.testng.reporters.JUnitReportReporter -->
<testsuite hostname="PREETISH" name="com.org.preetish_maven.preetish_maven.TestApplication" tests="4" failures="0" timestamp="18 Oct 2016 23:36:14 GMT" time="19.969" errors="0">
  <testcase name="LoginTOApp" time="5.807" classname="com.org.preetish_maven.preetish_maven.TestApplication"/>
  <testcase name="Product" time="11.837" classname="com.org.preetish_maven.preetish_maven.TestApplication"/>
  <testcase name="testDb" time="0.450" classname="com.org.preetish_maven.preetish_maven.TestApplication"/>
  <testcase name="Shipping" time="1.875" classname="com.org.preetish_maven.preetish_maven.TestApplication"/>
</testsuite> <!-- com.org.preetish_maven.preetish_maven.TestApplication -->
